
> loversai-backend@1.0.0 dev
> nodemon server.js

[33m[nodemon] 3.1.11[39m
[33m[nodemon] to restart at any time, enter `rs`[39m
[33m[nodemon] watching path(s): *.*[39m
[33m[nodemon] watching extensions: js,mjs,cjs,json[39m
[32m[nodemon] starting `node server.js`[39m
[dotenv@17.2.3] injecting env (1) from .env -- tip: вҡҷпёҸ  enable debug logging with { debug: true }
[dotenv@17.2.3] injecting env (0) from .env -- tip: вҡҷпёҸ  specify custom .env file path with { path: '/custom/path/.env' }
[dotenv@17.2.3] injecting env (0) from .env -- tip: рҹ”„ add secrets lifecycle management: https://dotenvx.com/ops
рҹ”Ғ No MONGO_URI in .env; loading .env.production fallback
[dotenv@17.2.3] injecting env (19) from .env.production -- tip: рҹ‘Ҙ sync secrets across teammates & machines: https://dotenvx.com/ops

рҹӨ– Loading AI Tools Routes...
вң… Retexturing routes loaded at /api/ai
   GET     /api/ai/health
   GET     /api/ai/themes
   POST    /api/ai/check-credits
   POST    /api/ai/generate
   POST    /api/ai/feedback
   POST    /api/ai/download-image
вң… Angle change routes loaded at /api/ai
   POST    /api/ai/change-angle
   GET     /api/ai/available-angles
вң… Image to video routes loaded at /api/ai
   POST    /api/ai/generate-video
   GET     /api/ai/video-styles
вң… Couple moodboard routes loaded at /api/ai
   GET     /api/ai/couple-moodboard/health
   POST    /api/ai/couple-moodboard/generate
   POST    /api/ai/couple-moodboard/download-image
рҹӨ– AI Tools loading complete!

вң… NewUser routes loaded at /api/newusers

вңЁ ===========================================
вңЁ  WEDDING AI SERVER STARTED SUCCESSFULLY
вңЁ ===========================================
вң… Server URL: http://localhost:5000
вҸ° Started at: 4/30/2026, 1:50:50 AM
рҹ“Ҡ Environment: production
рҹӨ– AI Status: Ready вң…
рҹ’і Payment System: Enabled вң…
рҹ—„пёҸ  Database: Connected вң…
      

рҹӨ– AI Endpoints:
   GET    /api/ai/health             - Check AI service status
   GET    /api/ai/themes             - Get wedding themes
   GET    /api/ai/available-angles   - Get available angle options
   POST   /api/ai/generate           - Generate venue transformation
   POST   /api/ai/change-angle       - Change image perspective
   POST   /api/ai/feedback           - Submit feedback

рҹ‘Ө User & Auth Endpoints:
   POST   /api/auth/firebase-login   - Firebase authentication
   GET    /api/users/check-profile   - Check user profile
   POST   /api/users/save-form       - Save user form
   GET    /api/users/profile         - Get user profile
   GET    /api/profile/check-profile - Check profile status
   POST   /api/profile/save-form     - Save profile form

рҹ’і Payment Endpoints:
   POST   /api/payment/create-checkout - Create payment checkout
   GET    /api/payment/payment-status  - Check payment status
   GET    /api/payment/subscription    - Get subscription info
   GET    /api/payment/credits         - Get user credits
   GET    /api/payment/plans           - Get available plans
   POST   /api/lemon/webhook          - Lemon webhook endpoint

рҹ”§ Utility Endpoints:
   GET    /                           - Server status
   GET    /api/test                   - API test

вҡ пёҸ  Important Notes:

вң… Server is ready! Access at:
   рҹҢҗ https://theloversai.co.in
   рҹ“Ў API proxied via nginx /api вҶ’ backend:5000


вң… MongoDB Connec[32m[nodemon] restarting due to changes...[39m
[32m[nodemon] starting `node server.js`[39m
[32m[nodemon] restarting due to changes...[39m
[32m[[32m[nodemon] starting `node server.js`[doten[dotenv@17.2.3] injecting env (1) from .env -- tip: рҹ”„ add secrets lifecycle management: https://dotenvx.com/ops
[d[dotenv@17.2.3] injecting env (0) from .env -- tip: рҹ”җ prevent committing .env to code: https://dotenvx.com/precommit
[dotenv@17.2.3] injecting env (0) from .env -- tip: вң… audit secrets and track compliance: https://dotenvx.com/ops
рҹ”Ғ No MONGO_URI in .env; loading .env.production fallback
[dotenv@17.2.3] injecting env (19) from .env.production -- tip: рҹ—ӮпёҸ backup and recover secrets: https://dotenvx.com/ops

рҹӨ– Loadin
рҹӨ– Loading AI Toolвң… Retexturing routes loaded at /api/ai
   GET     /   GET     /ap   GET     /api/ai/themes
   POST    /   POST    /api/ai/ch   POST    /   POST    /api/   POST    /api/ai/feedback
   POST    /api/ai/download-image
вң… Angle change routes loaded at /api/ai
   POST    /api/ai/change-angle
   GET     /   GET     /api/ai/availвң… Image to video routes loaded at /api/ai
   POST    /api/ai/generate-video
   GET     /api/ai/video-styles
вң… Couple moodboard routes loaded at /api/ai
   GET     /api/ai/couple-moodboard/health
   POST    /api/ai/couple-moodboard/generate
   POST    /api/ai/couple-moodboard/download-image
рҹӨ– AI Tools loading complete!

вң… NewUser routes loaded at /api/newusers

вңЁ =======
вңЁ ===========================================
вңЁ  WEDDING AI SERVER STARTED SUCCESSFULLY
вңЁ ===========================================
вң… Server URL: http://localhost:5001
вҸ° Started at: 4/30/2026, 9:46:41 PM
рҹ“Ҡ Environment: production
рҹӨ– AI Status: Ready вң…
рҹ’і Payment System: Enabled вң…
рҹ—„пёҸ  Database: Connected
рҹӨ– AI End
рҹӨ– AI   GET    /api/ai/health             - Check AI service status
   GET    /a   GET    /api/ai/themes             - Get wed   GET    /api/ai/available-angles   - Get available angle options
   POST   /api/ai/generate           - Generate venue transformation
   POST   /api/ai/change-angle       - Change image perspective
   POST   /api/ai/feedback           - Submit feedback

рҹ‘Ө User & Auth Endpoints:
   POST   /api/auth/firebase-login   - Firebase authentication
   GET    /api/users/check-profile   - Check user profile
   POST   /api/users/save-form       - Save user form
   GET    /api/users/profile         - Get user profile
   GET    /api/profile/check-profile - Check profile status
   POST   /api/profile/save-form     - Save profile form

рҹ’і Payment Endpoints:
   POST   /api/payment/create-checkout - Create payment checkout
   GET    /api/payment/payment-status  - Check payment status
   GET    /api/payment/subscription    - Get subscription info
   GET    /api/payment/credits         - Get user credits
   GET    /api/payment/plans           - Get available plans
   POST   /api/lemon/webhook          - Lemon webhook endpoint

рҹ”§ Utility Endpoints:
   GET    /                           - Server status
   GET    /api/test                   - API test

вҡ пёҸ  Important Notes:

вң… Server is ready! Access at:
   рҹҢҗ https://theloversai.co.in
   рҹ“Ў API proxied via nginx /api вҶ’ backend:5002


вң… MongoDB вң… MongoD[32m[nodemo[32m[nodemon] restarting due to chan[32m[nodemo[32m[nodemon] starting `node serv[dotenv@17.2.3] injecting env (1) from .env -- tip: вҡҷпёҸ  override existing env vars with { override: true }
[dotenv@17.2.3] injecting env (0) from .env -- tip: вҡҷпёҸ  load multiple .env files with { path: ['.env.local', '.env'] }
[dotenv@17.2.3] injecting env (0) from .env -- tip: рҹ”җ prevent committing .env to code: https://dotenvx.com/precommit
рҹ”Ғ No MONGO_URI in .env; loading .env.production f[dotenv@[dotenv@17.2.3] injecting env (19) from .env.production -- tip: рҹӣ пёҸ  run anywhere with `dotenvx run -- yourcommand`

рҹ
рҹӨ– Loading AI Tools Routes.вң… Retexturing routes loaded at /api/ai
   GET     /api/ai/health
   GET     /api/ai/themes
   POST    /api/ai/check-credits
   POST    /api/ai/generate
   POST    /api/ai/feedback
   POST    /api/ai/download-image
вң…вң… Angle change routes loaded at /api/ai
   POST    /api/ai/change-angle
   GET     /api/ai/available-anglвң…вң… Image to video routes loaded at /api/      POST    /api/ai/generate-vid   GET     /api/ai/video-styles
вң… Couple moodboard routes loaded at /api/ai
      GET     /api/ai/couple-moodboard/heal      POST    /api/ai/couple-moodboard/genera   POST    /api/ai/couple-moodboard/download-image
рҹӨрҹӨ– AI Tools loading completeвң… NewUser routes loaded at /api/newusers

вңЁ ===========================================
вңЁ  WEDDING AI SERVER STARTED SUCCESSFULLY
вңЁ ===========================================
вң… Server URL: http://localhost:5001
вҸ° Started at: 5/1/2026, 7:55:26 PM
рҹ“Ҡ Environment: production
рҹӨ– AI Status: Ready вң…
рҹ’і Payment System: Enabled вң…
рҹ—„пёҸ  Database: Connected вң…
      

рҹ
рҹӨ– AI Endpoint      GET    /api/ai/health             - Check AI service stat   GET    /api/ai/themes             - Get wedding themes
      GET    /api/ai/available-angles   - Get available angle optio   POST   /api/ai/generate           - Generate venue transformation
   POST   /api/ai/change-angle       - Change image perspective
      POST   /api/ai/feedback           - Submit feedba
рҹ
рҹ‘Ө User & Auth Endpoint      POST   /api/auth/firebase-login   - Firebase authenticati      GET    /api/users/check-profile   - Check user profi      POST   /api/users/save-form       - Save user fo      GET    /api/users/profile         - Get user profile
   GET    /api/profile/check-profile - Check profile status
   POST   /api/profile/save-form     - Save profile form

рҹ’і Payment Endpoints:
   POST   /api/payment/create-checkout - Create payment checkout
   GET    /api/payment/payment-status  - Check payment status
   GET    /api/payment/subscription    - Get subscription info
   GET    /api/payment/credits         - Get user credits
   GET    /api/payment/plans           - Get available plans
   POST   /api/lemon/webhook          - Lemon webhook endpoint

рҹ”§ Utility Endpoints:
   GET    /                           - Server status
   GET    /api/test                   - API test

вҡ пёҸ  Important Notes:

вң… Server is ready! Access at:
   рҹҢҗ https://theloversai.co.in
   рҹ“Ў API proxied via nginx /api вҶ’ backend:5000вң… MongoDB Connected
[3[32m[nodemon] restarting due to changes...[3[3[32m[nodemon] starting `node server.js`[3[do[dotenv@17.2.3] injecting env (1) from .env -- tip: рҹ‘Ҙ sync secrets across teammates & machines: https://dotenvx.com/ops
[dotenv@17.2.3] injecting env (0) from .env -- tip: рҹ”җ prevent building .env in docker: https://dotenvx.com/prebuild
[dotenv@17.2.3] injecting env (0) from .env -- tip: вҡҷпёҸ  enable debug logging with { debug: true }
рҹ”Ғ No MONGO_URI in .env; loading .env.production fallback
[dotenv@17.2.3] injecting env (19) from .env.production -- tip: рҹӣ пёҸ  run anywhere with `dotenvx run -- yourcommand`

рҹӨ– Loading AI Tools Routes...
вң… Retexturing routes loaded at /api/ai
   GET     /api/ai/health
   GET     /api/ai/themes
   POST    /api/ai/check-credits
   POST    /api/ai/generate
   POST    /api/ai/feedback
   POST    /api/ai/download-image
вң… Angle change routes loaded at /api/ai
   POST    /api/ai/change-angle
   GET     /api/ai/available-angles
вң… Image to video routes loaded at /api/ai
   POST    /api/ai/generate-video
   GET     /api/ai/video-styles
вң… Couple moodboard routes loaded at /api/ai
   GET     /api/ai/couple-moodboard/health
   POST    /api/ai/couple-moodboard/generate
   POST    /api/ai/couple-moodboard/download-image
рҹӨ– AI Tools loading complete!

вң… NewUser routes loaded at /api/newusers

вңЁ ===========================================
вңЁ  WEDDING AI SERVER STARTED SUCCESSFULLY
вңЁ ===========================================
вң… Server URL: http://localhost:5003
вҸ° Started at: 5/1/2026, 7:55:39 PM
рҹ“Ҡ Environment: production
рҹӨ– AI Status: Ready вң…
рҹ’і Payment System: Enabled вң…
рҹ—„пёҸ  Database: Connected вң…
      

рҹӨ– AI Endpoints:
   GET    /api/ai/health             - Check AI service status
   GET    /api/ai/themes             - Get wedding themes
   GET    /api/ai/available-angles   - Get available angle options
   POST   /api/ai/generate           - Generate venue transformation
   POST   /api/ai/change-angle       - Change image perspective
   POST   /api/ai/feedback           - Submit feedback

рҹ‘Ө User & Auth Endpoints:
   POST   /api/auth/firebase-login   - Firebase authentication
   GET    /api/users/check-profile   - Check user profile
   POST   /api/users/save-form       - Save user form
   GET    /api/users/profile         - Get user profile
   GET    /api/profile/check-profile - Check profile status
   POST   /api/profile/save-form     - Save profile form

рҹ’і Payment Endpoints:
   POST   /api/payment/create-checkout - Create payment checkout
   GET    /api/payment/payment-status  - Check payment status
   GET    /api/payment/subscription    - Get subscription info
   GET    /api/payment/credits         - Get user credits
   GET    /api/payment/plans           - Get available plans
   POST   /api/lemon/webhook          - Lemon webhook endpoint

рҹ”§ Utility Endpoints:
   GET    /                           - Server status
   GET    /api/test                   - API test

вҡ пёҸ  Important Notes:

вң… Server is ready! Access at:
   рҹҢҗ https://theloversai.co.in
   рҹ“Ў API proxied via nginx /api вҶ’ backend:5003


вң… MongoDB Connected
[32m[[32m[nodemon] restarting due to changes...[32m[[32m[nodemon] starting `node server.js`[dotenv@17.2.3] injecting env (1) from .env -- tip: рҹ—ӮпёҸ backup and recover secrets: https://dotenvx.com/ops
[dotenv@17.2.3] injecting env (0) from .env -- tip: рҹ”җ prevent committing .env to code: https://dotenvx.com/precommit
[dotenv@17.2.3] injecting env (0) from .env -- tip: вҡҷпёҸ  override existing env vars with { override: true }
рҹ”Ғ Noрҹ”Ғ No MONGO_URI in .env; loading .env.production fa[dotenv[dotenv@17.2.3] injecting env (19) from .env.production -- tip: рҹ—ӮпёҸ backup and recover secrets: https://dotenvx.
рҹӨ– Lo
рҹӨ– Loading AI Tools Roвң… Retexturing routes loaded at /api/ai
   GET     /api/ai/health
   GET     /api/ai/themes
   POST    /api/ai/check-credits
   POST    /api/ai/generate
   POST    /api/ai/feedback
   POST    /api/ai/download-image
вң… Angle change routes loaded at /api/ai
   POST    /api/ai/change-angle
   GET     /api/ai/available-angles
вң… Image to video routes loaded at /api/ai
   POST    /api/ai/generate-video
   GET     /api/ai/video-styles
вң… Couple moodboard routes loaded at /api/ai
   GET     /api/ai/couple-moodboard/health
   POST    /api/ai/couple-moodboard/generate
   POST    /api/ai/couple-moodboard/download-image
рҹӨ– AI Tools loading complete!

вң… NewUser routes loaded at /api/newusers

вңЁ ===
вңЁ ===========================================
вңЁ  WEDDING AI SERVER STARTED SUCCESSFULLY
вңЁ ===========================================
вң… Server URL: http://localhost:5001
вҸ° Started at: 5/1/2026, 8:15:55 PM
рҹ“Ҡ Environment: production
рҹӨ– AI Status: Ready вң…
рҹ’і Payment System: Enabled вң…
рҹ—„пёҸ  Database: Connected вң…
      

рҹӨ– AI Endpoints:
   GET    /api/ai/health             - Check AI service status
   GET    /api/ai/themes             - Get wedding themes
   GET    /api/ai/available-angles   - Get available angle options
   POST   /api/ai/generate           - Generate venue transformation
   POST   /api/ai/change-angle       - Change image perspective
   POST   /api/ai/feedback           - Submit feedback

рҹ‘Ө User & Auth Endpoints:
   POST   /api/auth/firebase-login   - Firebase authentication
   GET    /api/users/check-profile   - Check user profile
   POST   /api/users/save-form       - Save user form
   GET    /api/users/profile         - Get user profile
   GET    /api/profile/check-profile - Check profile status
   POST   /api/profile/save-form     - Save profile form

рҹ’і Payment Endpoints:
   POST   /api/payment/create-checkout - Create payment checkout
   GET    /api/payment/payment-status  - Check payment status
   GET    /api/payment/subscription    - Get subscription info
   GET    /api/payment/credits         - Get user credits
   GET    /api/payment/plans           - Get available plans
   POST   /api/lemon/webhook          - Lemon webhook endpoint

рҹ”§ Utility Endpoints:
   GET    /                           - Server status
   GET    /api/test                   - API test

вҡ пёҸ  Important Notes:

вң… Server is ready! Access at:
   рҹҢҗ https://theloversai.co.in
   рҹ“Ў API proxied via nginx /api вҶ’ backendвң… Mongвң… MongoDB Connected
 - 2026-04-30T06:41:28.319Z
рҹ“Ҙ GET /api/cart - 2026-04-30T06:41:36.968Z
рҹ“Ҙ GET /api/auth/me - 2026-04-30T06:41:55.980Z
рҹ“Ҙ GET /api/auth/me - 2026-04-30T06:41:56.097Z
рҹ“Ҙ GET /api/cart - 2026-04-30T06:41:56.115Z
рҹ“Ҙ GET /api/cart - 2026-04-30T06:41:56.287Z
рҹ“Ҙ GET /api/cart - 2026-04-30T06:41:56.485Z
рҹ“Ҙ GET /api/auth/me - 2026-04-30T15:10:18.260Z
рҹ“Ҙ GET /api/auth/me - 2026-04-30T15:10:19.980Z
рҹ“Ҙ GET /api/cart - 2026-04-30T15:10:20.082Z
рҹ“Ҙ GET /api/cart - 2026-04-30T15:10:21.075Z
рҹ“Ҙ GET /api/cart - 2026-04-30T15:10:21.267Z
рҹ“Ҙ POST /api/auth/register - 2026-04-30T15:11:22.146Z
вң… New user registered: theloversai5@gmail.com (couple) вҖ” 30 welcome credits
рҹ“Ҙ GET /api/cart - 2026-04-30T15:11:25.521Z
рҹ“Ҙ POST /api/users/save-wedding-profile - 2026-04-30T15:12:24.536Z
рҹ’Қ Wedding profile saved for theloversai5@gmail.com
рҹ“Ҙ GET /api/cart - 2026-04-30T15:12:24.982Z
рҹ“Ҙ GET /api/cart - 2026-04-30T15:12:25.240Z
рҹ“Ҙ POST /api/ai/couple-moodboard/generate - 2026-04-30T15:12:33.647Z
рҹҺЁ [Moodboard] в•җв•җв•җ PIPELINE START в•җв•җв•җ
рҹҺЁ [Moodboard] Request: {
  style: 'Modern',
  functionType: 'Wedding Ceremony',
  atmosphere: 'Bohemian & Free-spirited',
  timing: 'Sunset (Golden Hour)',
  userId: new ObjectId('69f3711a1e7a87f4c3e3cea4')
}
вҸұпёҸ  [Moodboard] creditCheck: 7ms
вҸұпёҸ  [Moodboard] aspectRatioDetection: 8ms
в„№пёҸ [Moodboard] No images вҖ” using text-to-image moodboard
вҸұпёҸ  [Moodboard] fallbackPrompt: 10ms
вҸұпёҸ  [Moodboard] promptHarden: 11ms
рҹҺЁ [Moodboard] Firing 4 parallel Flux (flux-2-max) calls...
рҹҺЁ [Moodboard] Calling Flux (flux-2-max) at 1024x768 [txt2img]...
рҹҺЁ [Moodboard] Calling Flux (flux-2-max) at 1024x768 [txt2img]...
рҹҺЁ [Moodboard] Calling Flux (flux-2-max) at 1024x768 [txt2img]...
рҹҺЁ [Moodboard] Calling Flux (flux-2-max) at 1024x768 [txt2img]...
рҹ“Ҙ GET /api/cart - 2026-04-30T15:12:34.977Z
вҸұпёҸ  [Moodboard] fluxGeneration: 2257ms
вҸұпёҸ  [Moodboard] error: 2259ms
рҹ“Ҙ GET /api/cart - 2026-04-30T15:12:44.979Z
рҹ“Ҙ GET /api/cart - 2026-04-30T15:12:55.866Z
рҹ“Ҙ GET /api/cart - 2026-04-30T15:13:05.881Z
рҹ“Ҙ GET /api/cart - 2026-04-30T15:13:15.871Z
рҹ“Ҙ GET /api/cart - 2026-04-30T15:13:25.862Z
рҹ“Ҙ GET /api/cart - 2026-04-30T15:13:35.873Z
рҹ“Ҙ GET /api/cart - 2026-04-30T15:13:45.868Z
рҹ“Ҙ GET /api/cart - 2026-04-30T15:14:00.875Z
рҹ“Ҙ GET /api/cart - 2026-04-30T15:15:00.876Z
рҹ“Ҙ GET /api/cart - 2026-04-30T15:16:00.866Z
рҹ“Ҙ GET /api/cart - 2026-04-30T15:16:08.858Z
рҹ“Ҙ GET /api/cart - 2026-04-30T15:16:15.874Z
рҹ“Ҙ GET /api/cart - 2026-04-30T15:16:33.865Z
рҹ“Ҙ GET /api/cart - 2026-04-30T15:16:35.863Z
рҹ“Ҙ GET /api/cart - 2026-04-30T15:17:00.876Z
рҹ“Ҙ GET /api/cart - 2026-04-30T15:19:00.407Z
рҹ“Ҙ POST /api/ai/couple-moodboard/generate - 2026-04-30T15:19:03.102Z
рҹҺЁ [Moodboard] в•җв•җв•җ PIPELINE START в•җв•җв•җ
рҹҺЁ [Moodboard] Request: {
  style: 'Modern',
  functionType: 'Engagement',
  atmosphere: 'Bohemian & Free-spirited',
  timing: 'Sunset (Golden Hour)',
  userId: new ObjectId('69f3711a1e7a87f4c3e3cea4')
}
вҸұпёҸ  [Moodboard] creditCheck: 4ms
вҸұпёҸ  [Moodboard] aspectRatioDetection: 6ms
в„№пёҸ [Moodboard] No images вҖ” using text-to-image moodboard
вҸұпёҸ  [Moodboard] fallbackPrompt: 8ms
вҸұпёҸ  [Moodboard] promptHarden: 10ms
рҹҺЁ [Moodboard] Firing 4 parallel Flux (flux-2-max) calls...
рҹҺЁ [Moodboard] Calling Flux (flux-2-max) at 1024x768 [txt2img]...
рҹҺЁ [Moodboard] Calling Flux (flux-2-max) at 1024x768 [txt2img]...
рҹҺЁ [Moodboard] Calling Flux (flux-2-max) at 1024x768 [txt2img]...
рҹҺЁ [Moodboard] Calling Flux (flux-2-max) at 1024x768 [txt2img]...
рҹ“Ҙ GET /api/cart - 2026-04-30T15:19:04.977Z
вҸұпёҸ  [Moodboard] fluxGeneration: 2455ms
вҸұпёҸ  [Moodboard] error: 2457ms
рҹ“Ҙ GET /api/cart - 2026-04-30T15:19:14.998Z
рҹ“Ҙ GET /api/cart - 2026-04-30T15:19:15.523Z
рҹ“Ҙ GET /api/cart - 2026-04-30T15:19:16.085Z
рҹ“Ҙ POST /api/users/save-wedding-profile - 2026-04-30T15:20:03.844Z
рҹ“Ҙ POST /api/users/save-wedding-profile - 2026-04-30T15:20:15.360Z
рҹ“Ҙ POST /api/users/save-wedding-profile - 2026-04-30T16:05:46.245Z
рҹ“Ҙ GET /api/auth/me - 2026-04-30T16:05:55.868Z
рҹ“Ҙ GET /api/auth/me - 2026-04-30T16:05:56.258Z
рҹ“Ҙ POST /api/users/save-wedding-profile - 2026-04-30T16:06:01.597Z
рҹ“Ҙ POST /api/users/save-wedding-profile - 2026-04-30T16:06:03.533Z
рҹ“Ҙ GET /api/auth/me - 2026-04-30T16:06:22.455Z
рҹ“Ҙ GET /api/auth/me - 2026-04-30T16:06:22.937Z
рҹ“Ҙ POST /api/users/save-wedding-profile - 2026-04-30T16:06:35.308Z
[32m[nodemon] restarting due to changes...[39m
[32m[nodemon] restarting due to changes...[39m
[32m[nodemon] starting `node server.js`[39m
[dotenv@17.2.3] injecting env (1) from .env -- tip: вҡҷпёҸ  specify custom .env file path with { path: '/custom/path/.env' }
[dotenv@17.2.3] injecting env (0) from .env -- tip: рҹ”„ add secrets lifecycle management: https://dotenvx.com/ops
[dotenv@17.2.3] injecting env (0) from .env -- tip: рҹ‘Ҙ sync secrets across teammates & machines: https://dotenvx.com/ops
рҹ”Ғ No MONGO_URI in .env; loading .env.production fallback
[dotenv@17.2.3] injecting env (19) from .env.production -- tip: рҹ—ӮпёҸ backup and recover secrets: https://dotenvx.com/ops

рҹӨ– Loading AI Tools Routes...
вң… Retexturing routes loaded at /api/ai
   GET     /api/ai/health
   GET     /api/ai/themes
   POST    /api/ai/check-credits
   POST    /api/ai/generate
   POST    /api/ai/feedback
   POST    /api/ai/download-image
вң… Angle change routes loaded at /api/ai
   POST    /api/ai/change-angle
   GET     /api/ai/available-angles
вң… Image to video routes loaded at /api/ai
   POST    /api/ai/generate-video
   GET     /api/ai/video-styles
вң… Couple moodboard routes loaded at /api/ai
   GET     /api/ai/couple-moodboard/health
   POST    /api/ai/couple-moodboard/generate
   POST    /api/ai/couple-moodboard/download-image
рҹӨ– AI Tools loading complete!

вң… NewUser routes loaded at /api/newusers

вңЁ ===========================================
вңЁ  WEDDING AI SERVER STARTED SUCCESSFULLY
вңЁ ===========================================
вң… Server URL: http://localhost:5000
вҸ° Started at: 4/30/2026, 9:46:41 PM
рҹ“Ҡ Environment: production
рҹӨ– AI Status: Ready вң…
рҹ’і Payment System: Enabled вң…
рҹ—„пёҸ  Database: Connected вң…
      

рҹӨ– AI Endpoints:
   GET    /api/ai/health             - Check AI service status
   GET    /api/ai/themes             - Get wedding themes
   GET    /api/ai/available-angles   - Get available angle options
   POST   /api/ai/generate           - Generate venue transformation
   POST   /api/ai/change-angle       - Change image perspective
   POST   /api/ai/feedback           - Submit feedback

рҹ‘Ө User & Auth Endpoints:
   POST   /api/auth/firebase-login   - Firebase authentication
   GET    /api/users/check-profile   - Check user profile
   POST   /api/users/save-form       - Save user form
   GET    /api/users/profile         - Get user profile
   GET    /api/profile/check-profile - Check profile status
   POST   /api/profile/save-form     - Save profile form

рҹ’і Payment Endpoints:
   POST   /api/payment/create-checkout - Create payment checkout
   GET    /api/payment/payment-status  - Check payment status
   GET    /api/payment/subscription    - Get subscription info
   GET    /api/payment/credits         - Get user credits
   GET    /api/payment/plans           - Get available plans
   POST   /api/lemon/webhook          - Lemon webhook endpoint

рҹ”§ Utility Endpoints:
   GET    /                           - Server status
   GET    /api/test                   - API test

вҡ пёҸ  Important Notes:

вң… Server is ready! Access at:
   рҹҢҗ https://theloversai.co.in
   рҹ“Ў API proxied via nginx /api вҶ’ backend:5000


вң… MongoDB Connected
рҹ“Ҙ POST /api/api/auth/login - 2026-04-30T16:25:02.391Z
рҹ“Ҙ POST /api/api/auth/login - 2026-04-30T16:25:07.240Z
рҹ“Ҙ POST /api/api/auth/login - 2026-04-30T16:25:08.089Z
рҹ“Ҙ POST /api/api/auth/login - 2026-04-30T16:25:10.986Z
рҹ“Ҙ POST /api/api/auth/login - 2026-04-30T16:25:11.711Z
рҹ“Ҙ POST /api/api/auth/login - 2026-04-30T16:25:12.433Z
рҹ“Ҙ POST /api/api/auth/login - 2026-04-30T16:25:17.983Z
рҹ“Ҙ POST /api/auth/login - 2026-04-30T16:32:09.451Z
рҹ“Ҙ POST /api/auth/login - 2026-04-30T16:32:18.740Z
рҹ“Ҙ GET /api/cart - 2026-04-30T16:32:19.735Z
рҹ“Ҙ GET /api/cart - 2026-04-30T16:32:19.888Z
рҹ“Ҙ GET /api/cart - 2026-04-30T16:32:29.772Z
рҹ“Ҙ POST /api/ai/couple-moodboard/generate - 2026-04-30T16:32:37.510Z
рҹҺЁ [Moodboard] в•җв•җв•җ PIPELINE START в•җв•җв•җ
рҹҺЁ [Moodboard] Request: {
  style: 'Modern',
  functionType: 'Wedding Ceremony',
  atmosphere: 'Grand & Opulent',
  timing: 'Evening (Warm Glow)',
  userId: new ObjectId('69f3711a1e7a87f4c3e3cea4')
}
вҸұпёҸ  [Moodboard] creditCheck: 3ms
вҸұпёҸ  [Moodboard] aspectRatioDetection: 4ms
в„№пёҸ [Moodboard] No images вҖ” using text-to-image moodboard
вҸұпёҸ  [Moodboard] fallbackPrompt: 5ms
вҸұпёҸ  [Moodboard] promptHarden: 6ms
рҹҺЁ [Moodboard] Firing 4 parallel Flux (flux-2-max) calls...
рҹҺЁ [Moodboard] Calling Flux (flux-2-max) at 1024x768 [txt2img]...
рҹҺЁ [Moodboard] Calling Flux (flux-2-max) at 1024x768 [txt2img]...
рҹҺЁ [Moodboard] Calling Flux (flux-2-max) at 1024x768 [txt2img]...
рҹҺЁ [Moodboard] Calling Flux (flux-2-max) at 1024x768 [txt2img]...
вҸұпёҸ  [Moodboard] fluxGeneration: 1911ms
вҸұпёҸ  [Moodboard] error: 1914ms
рҹ“Ҙ GET /api/cart - 2026-04-30T16:32:39.772Z
рҹ“Ҙ GET /api/cart - 2026-04-30T16:32:48.504Z
рҹ“Ҙ GET /api/cart - 2026-04-30T16:32:48.859Z
рҹ“Ҙ GET /api/cart - 2026-04-30T16:32:49.120Z
рҹ“Ҙ GET /api/cart - 2026-04-30T16:32:50.258Z
рҹ“Ҙ GET /api/cart - 2026-04-30T16:32:52.705Z
рҹ“Ҙ GET /api/cart - 2026-04-30T16:32:53.091Z
рҹ“Ҙ GET /api/cart - 2026-04-30T16:32:53.297Z
рҹ“Ҙ GET /api/cart - 2026-04-30T16:32:54.576Z
рҹ“Ҙ GET /api/cart - 2026-04-30T16:32:58.104Z
рҹ“Ҙ GET /api/cart - 2026-04-30T16:32:58.518Z
рҹ“Ҙ GET /api/cart - 2026-04-30T16:32:58.724Z
рҹ“Ҙ GET /api/cart - 2026-04-30T16:32:59.436Z
рҹ“Ҙ GET /api/cart - 2026-04-30T16:33:00.766Z
рҹ“Ҙ GET /api/cart - 2026-04-30T16:33:01.957Z
рҹ“Ҙ GET /api/cart - 2026-04-30T16:33:02.207Z
рҹ“Ҙ GET /api/cart - 2026-04-30T16:33:04.580Z
рҹ“Ҙ GET /api/cart - 2026-04-30T16:33:04.766Z
рҹ“Ҙ GET /api/cart - 2026-04-30T16:33:04.971Z
рҹ“Ҙ GET /api/cart - 2026-04-30T16:33:05.993Z
рҹ“Ҙ GET /api/cart - 2026-04-30T16:33:15.996Z
рҹ“Ҙ GET /api/cart - 2026-04-30T16:33:26.759Z
рҹ“Ҙ GET /api/cart - 2026-04-30T16:33:36.768Z
рҹ“Ҙ GET /api/cart - 2026-04-30T16:33:46.765Z
рҹ“Ҙ GET /api/cart - 2026-04-30T16:33:56.759Z
рҹ“Ҙ GET /api/cart - 2026-04-30T16:34:06.759Z
рҹ“Ҙ GET /api/cart - 2026-04-30T16:34:16.761Z
рҹ“Ҙ GET /api/cart - 2026-04-30T16:34:50.843Z
рҹ“Ҙ GET /api/cart - 2026-04-30T16:35:50.782Z
рҹ“Ҙ GET /api/cart - 2026-04-30T16:36:50.782Z
рҹ“Ҙ GET /api/cart - 2026-04-30T16:43:07.516Z
рҹ“Ҙ GET /api/cart - 2026-04-30T16:43:16.110Z
рҹ“Ҙ GET /api/auth/me - 2026-04-30T16:43:17.224Z
рҹ“Ҙ GET /api/auth/me - 2026-04-30T16:43:17.461Z
рҹ“Ҙ GET /api/cart - 2026-04-30T16:43:17.493Z
рҹ“Ҙ GET /api/cart - 2026-04-30T16:43:19.370Z
рҹ“Ҙ POST /api/ai/couple-moodboard/generate - 2026-04-30T16:43:23.103Z
рҹҺЁ [Moodboard] в•җв•җв•җ PIPELINE START в•җв•җв•җ
рҹҺЁ [Moodboard] Request: {
  style: 'Modern',
  functionType: 'Wedding Ceremony',
  atmosphere: 'Bohemian & Free-spirited',
  timing: 'Sunset (Golden Hour)',
  userId: new ObjectId('69f3711a1e7a87f4c3e3cea4')
}
вҸұпёҸ  [Moodboard] creditCheck: 32ms
вҸұпёҸ  [Moodboard] aspectRatioDetection: 33ms
в„№пёҸ [Moodboard] No images вҖ” using text-to-image moodboard
вҸұпёҸ  [Moodboard] fallbackPrompt: 35ms
вҸұпёҸ  [Moodboard] promptHarden: 37ms
рҹҺЁ [Moodboard] Firing 4 parallel Flux (flux-2-max) calls...
рҹҺЁ [Moodboard] Calling Flux (flux-2-max) at 1024x768 [txt2img]...
рҹҺЁ [Moodboard] Calling Flux (flux-2-max) at 1024x768 [txt2img]...
рҹҺЁ [Moodboard] Calling Flux (flux-2-max) at 1024x768 [txt2img]...
рҹҺЁ [Moodboard] Calling Flux (flux-2-max) at 1024x768 [txt2img]...
вҸұпёҸ  [Moodboard] fluxGeneration: 1928ms
вҸұпёҸ  [Moodboard] error: 1929ms
рҹ“Ҙ GET /api/cart - 2026-04-30T16:43:27.665Z
рҹ“Ҙ GET /api/cart - 2026-04-30T16:43:30.485Z
рҹ“Ҙ GET /api/cart - 2026-04-30T16:43:31.042Z
рҹ“Ҙ GET /api/cart - 2026-04-30T16:43:31.206Z
рҹ“Ҙ GET /api/cart - 2026-04-30T16:43:31.677Z
рҹ“Ҙ GET /api/cart - 2026-04-30T16:43:41.684Z
рҹ“Ҙ GET /api/cart - 2026-04-30T16:43:51.684Z
рҹ“Ҙ GET /api/cart - 2026-04-30T16:44:01.680Z
рҹ“Ҙ GET /api/cart - 2026-04-30T16:44:11.681Z
рҹ“Ҙ GET /api/cart - 2026-04-30T16:44:21.680Z
рҹ“Ҙ GET /api/cart - 2026-04-30T16:44:31.679Z
рҹ“Ҙ GET /api/cart - 2026-04-30T16:44:41.683Z
рҹ“Ҙ GET /api/cart - 2026-04-30T16:44:51.701Z
рҹ“Ҙ GET /api/cart - 2026-04-30T16:45:01.681Z
рҹ“Ҙ GET /api/cart - 2026-04-30T16:45:11.679Z
рҹ“Ҙ GET /api/cart - 2026-04-30T16:45:21.695Z
рҹ“Ҙ POST /api/ai/couple-moodboard/generate - 2026-04-30T16:45:25.889Z
рҹҺЁ [Moodboard] в•җв•җв•җ PIPELINE START в•җв•җв•җ
рҹҺЁ [Moodboard] Request: {
  style: 'Traditional',
  functionType: 'Sangeet',
  atmosphere: 'Grand & Opulent',
  timing: 'Sunset (Golden Hour)',
  userId: new ObjectId('69f3711a1e7a87f4c3e3cea4')
}
вҸұпёҸ  [Moodboard] creditCheck: 5ms
рҹ“җ [Moodboard] Venue image: 1800x1029 (ratio: 1.749)
вҸұпёҸ  [Moodboard] aspectRatioDetection: 1155ms
вҡ пёҸ [Moodboard] No GROQ_API_KEY вҖ” using fallback prompt
вҸұпёҸ  [Moodboard] fallbackPrompt: 1158ms
вҸұпёҸ  [Moodboard] promptHarden: 1159ms
рҹҺЁ [Moodboard] Firing 4 parallel Flux (flux-2-max) calls...
рҹҺЁ [Moodboard] Calling Flux (flux-2-max) at 1024x576 [txt2img]...
рҹҺЁ [Moodboard] Calling Flux (flux-2-max) at 1024x576 [txt2img]...
рҹҺЁ [Moodboard] Calling Flux (flux-2-max) at 1024x576 [txt2img]...
рҹҺЁ [Moodboard] Calling Flux (flux-2-max) at 1024x576 [txt2img]...
вҸұпёҸ  [Moodboard] fluxGeneration: 2938ms
вҸұпёҸ  [Moodboard] error: 2941ms
рҹ“Ҙ GET /api/cart - 2026-04-30T16:45:31.683Z
рҹ“Ҙ POST /api/ai/couple-moodboard/generate - 2026-04-30T16:45:38.552Z
рҹҺЁ [Moodboard] в•җв•җв•җ PIPELINE START в•җв•җв•җ
рҹҺЁ [Moodboard] Request: {
  style: 'Traditional',
  functionType: 'Sangeet',
  atmosphere: 'Grand & Opulent',
  timing: 'Sunset (Golden Hour)',
  userId: new ObjectId('69f3711a1e7a87f4c3e3cea4')
}
вҸұпёҸ  [Moodboard] creditCheck: 2ms
рҹ“җ [Moodboard] Venue image: 1800x1029 (ratio: 1.749)
вҸұпёҸ  [Moodboard] aspectRatioDetection: 5ms
вҡ пёҸ [Moodboard] No GROQ_API_KEY вҖ” using fallback prompt
вҸұпёҸ  [Moodboard] fallbackPrompt: 7ms
вҸұпёҸ  [Moodboard] promptHarden: 7ms
рҹҺЁ [Moodboard] Firing 4 parallel Flux (flux-2-max) calls...
рҹҺЁ [Moodboard] Calling Flux (flux-2-max) at 1024x576 [txt2img]...
рҹҺЁ [Moodboard] Calling Flux (flux-2-max) at 1024x576 [txt2img]...
рҹҺЁ [Moodboard] Calling Flux (flux-2-max) at 1024x576 [txt2img]...
рҹҺЁ [Moodboard] Calling Flux (flux-2-max) at 1024x576 [txt2img]...
вҸұпёҸ  [Moodboard] fluxGeneration: 1973ms
вҸұпёҸ  [Moodboard] error: 1974ms
рҹ“Ҙ GET /api/cart - 2026-04-30T16:45:41.678Z
рҹ“Ҙ GET /api/cart - 2026-04-30T16:45:51.691Z
рҹ“Ҙ GET /api/cart - 2026-04-30T16:46:01.682Z
рҹ“Ҙ GET /api/cart - 2026-04-30T16:46:11.682Z
рҹ“Ҙ GET /api/cart - 2026-04-30T16:46:21.678Z
рҹ“Ҙ GET /api/cart - 2026-04-30T16:46:22.153Z
рҹ“Ҙ GET /api/cart - 2026-04-30T16:46:22.494Z
рҹ“Ҙ GET /api/cart - 2026-04-30T16:46:22.784Z
рҹ“Ҙ GET /api/cart - 2026-04-30T16:46:25.414Z
рҹ“Ҙ GET /api/cart - 2026-04-30T16:46:26.147Z
рҹ“Ҙ POST /api/users/save-wedding-profile - 2026-04-30T16:50:16.135Z
рҹ’Қ Wedding profile saved for theloversai5@gmail.com
рҹ“Ҙ GET /api/cart - 2026-04-30T16:50:16.683Z
рҹ“Ҙ GET /api/cart - 2026-04-30T16:50:16.866Z
рҹ“Ҙ GET /api/cart - 2026-04-30T16:50:26.613Z
рҹ“Ҙ GET /api/cart - 2026-04-30T16:50:36.619Z
рҹ“Ҙ GET /api/cart - 2026-04-30T16:50:46.614Z
рҹ“Ҙ GET /api/cart - 2026-04-30T16:50:49.517Z
рҹ“Ҙ GET /api/cart - 2026-04-30T16:50:50.010Z
рҹ“Ҙ GET /api/cart - 2026-04-30T16:50:59.612Z
рҹ“Ҙ GET /api/cart - 2026-04-30T16:51:09.015Z
рҹ“Ҙ GET /api/cart - 2026-04-30T16:51:09.381Z
рҹ“Ҙ GET /api/cart - 2026-04-30T16:51:10.222Z
рҹ“Ҙ GET /api/cart - 2026-04-30T16:51:10.362Z
рҹ“Ҙ GET /api/cart - 2026-04-30T16:51:20.828Z
рҹ“Ҙ GET /api/cart - 2026-04-30T16:51:30.812Z
рҹ“Ҙ GET /api/auth/me - 2026-05-01T10:24:34.647Z
рҹ“Ҙ GET /api/auth/me - 2026-05-01T10:24:34.725Z
рҹ“Ҙ GET /api/cart - 2026-05-01T10:24:37.387Z
рҹ“Ҙ GET /api/cart - 2026-05-01T12:42:23.335Z
рҹ“Ҙ GET /api/cart - 2026-05-01T12:42:26.031Z
рҹ“Ҙ GET /api/cart - 2026-05-01T12:42:27.388Z
рҹ“Ҙ GET /api/cart - 2026-05-01T12:42:28.170Z
рҹ“Ҙ GET /api/cart - 2026-05-01T12:42:38.182Z
рҹ“Ҙ GET /api/cart - 2026-05-01T12:42:48.159Z
рҹ“Ҙ GET /api/cart - 2026-05-01T12:42:58.170Z
рҹ“Ҙ POST /api/auth/login - 2026-05-01T12:43:04.990Z
рҹ“Ҙ GET /api/cart - 2026-05-01T12:43:08.156Z
рҹ“Ҙ POST /api/auth/login - 2026-05-01T12:43:09.364Z
рҹ“Ҙ POST /api/auth/login - 2026-05-01T12:43:14.413Z
рҹ“Ҙ GET /api/cart - 2026-05-01T12:43:15.989Z
рҹ“Ҙ GET /api/cart - 2026-05-01T12:43:16.441Z
рҹ“Ҙ GET /api/cart - 2026-05-01T12:43:18.177Z
рҹ“Ҙ GET /api/cart - 2026-05-01T12:43:26.087Z
рҹ“Ҙ GET /api/cart - 2026-05-01T12:43:36.082Z
рҹ“Ҙ GET /api/cart - 2026-05-01T12:43:45.816Z
рҹ“Ҙ GET /api/cart - 2026-05-01T12:43:46.176Z
рҹ“Ҙ GET /api/cart - 2026-05-01T12:43:49.396Z
рҹ“Ҙ GET /api/cart - 2026-05-01T12:43:50.219Z
рҹ“Ҙ GET /api/cart - 2026-05-01T12:43:50.613Z
рҹ“Ҙ GET /api/cart - 2026-05-01T12:43:51.542Z
рҹ“Ҙ GET /api/cart - 2026-05-01T12:43:51.895Z
рҹ“Ҙ GET /api/cart - 2026-05-01T12:43:52.346Z
рҹ“Ҙ GET /api/cart - 2026-05-01T12:43:52.758Z
рҹ“Ҙ GET /api/cart - 2026-05-01T12:43:53.160Z
рҹ“Ҙ GET /api/cart - 2026-05-01T12:43:56.166Z
рҹ“Ҙ GET /api/cart - 2026-05-01T12:44:06.170Z
рҹ“Ҙ GET /api/cart - 2026-05-01T12:44:16.083Z
рҹ“Ҙ GET /api/cart - 2026-05-01T12:44:26.159Z
рҹ“Ҙ GET /api/auth/me - 2026-05-01T12:44:26.252Z
рҹ“Ҙ GET /api/auth/me - 2026-05-01T12:44:28.389Z
рҹ“Ҙ GET /api/cart - 2026-05-01T12:44:28.421Z
рҹ“Ҙ GET /api/cart - 2026-05-01T12:44:28.902Z
рҹ“Ҙ GET /api/cart - 2026-05-01T12:44:29.312Z
рҹ“Ҙ GET /api/cart - 2026-05-01T12:44:36.165Z
рҹ“Ҙ GET /api/cart - 2026-05-01T12:44:38.714Z
рҹ“Ҙ GET /api/cart - 2026-05-01T12:44:46.167Z
рҹ“Ҙ GET /api/cart - 2026-05-01T12:44:56.155Z
рҹ“Ҙ GET /api/cart - 2026-05-01T12:45:06.174Z
рҹ“Ҙ GET /api/cart - 2026-05-01T12:45:16.162Z
рҹ“Ҙ POST /api/users/save-wedding-profile - 2026-05-01T12:45:40.021Z
рҹ’Қ Wedding profile saved for theloversai5@gmail.com
рҹ“Ҙ GET /api/cart - 2026-05-01T12:45:40.589Z
рҹ“Ҙ GET /api/cart - 2026-05-01T12:45:40.949Z
рҹ“Ҙ GET /api/cart - 2026-05-01T12:45:48.011Z
рҹ“Ҙ GET /api/cart - 2026-05-01T12:45:56.170Z
рҹ“Ҙ GET /api/cart - 2026-05-01T12:46:06.167Z
рҹ“Ҙ GET /api/cart - 2026-05-01T12:46:16.168Z
рҹ“Ҙ GET /api/cart - 2026-05-01T12:46:26.160Z
рҹ“Ҙ GET /api/cart - 2026-05-01T12:46:36.164Z
рҹ“Ҙ GET /api/cart - 2026-05-01T12:46:46.172Z
рҹ“Ҙ GET /api/cart - 2026-05-01T12:47:51.195Z
рҹ“Ҙ GET /api/cart - 2026-05-01T12:48:51.187Z
рҹ“Ҙ GET /api/cart - 2026-05-01T12:49:51.259Z
рҹ“Ҙ GET /api/cart - 2026-05-01T12:50:51.189Z
рҹ“Ҙ GET /api/cart - 2026-05-01T12:51:51.201Z
рҹ“Ҙ GET /api/cart - 2026-05-01T12:52:51.188Z
рҹ“Ҙ GET /api/cart - 2026-05-01T12:53:51.177Z
рҹ“Ҙ GET /api/cart - 2026-05-01T12:53:56.154Z
рҹ“Ҙ GET /api/cart - 2026-05-01T12:54:06.157Z
рҹ“Ҙ GET /api/cart - 2026-05-01T12:54:16.174Z
рҹ“Ҙ GET /api/cart - 2026-05-01T12:54:26.088Z
рҹ“Ҙ GET /api/cart - 2026-05-01T12:54:36.168Z
рҹ“Ҙ GET /api/cart - 2026-05-01T12:54:46.195Z
рҹ“Ҙ GET /api/cart - 2026-05-01T12:54:56.163Z
рҹ“Ҙ GET /api/cart - 2026-05-01T12:55:06.160Z
рҹ“Ҙ GET /api/cart - 2026-05-01T12:55:16.161Z
рҹ“Ҙ GET /api/cart - 2026-05-01T12:55:26.168Z
рҹ“Ҙ GET /api/cart - 2026-05-01T12:55:51.176Z
рҹ“Ҙ GET /api/cart - 2026-05-01T12:56:51.190Z
рҹ“Ҙ POST /api/users/save-wedding-profile - 2026-05-01T12:57:02.609Z
рҹ’Қ Wedding profile saved for theloversai5@gmail.com
рҹ“Ҙ GET /api/cart - 2026-05-01T12:57:03.475Z
рҹ“Ҙ GET /api/cart - 2026-05-01T12:57:03.934Z
рҹ“Ҙ GET /api/cart - 2026-05-01T12:57:13.477Z
рҹ“Ҙ GET /api/cart - 2026-05-01T12:57:23.475Z
рҹ“Ҙ GET /api/cart - 2026-05-01T12:57:33.479Z
рҹ“Ҙ GET /api/cart - 2026-05-01T12:57:43.491Z
рҹ“Ҙ GET /api/cart - 2026-05-01T12:57:51.181Z
рҹ“Ҙ GET /api/cart - 2026-05-01T12:57:53.484Z
рҹ“Ҙ GET /api/cart - 2026-05-01T12:58:03.556Z
рҹ“Ҙ GET /api/cart - 2026-05-01T12:58:13.488Z
рҹ“Ҙ GET /api/cart - 2026-05-01T12:58:23.480Z
рҹ“Ҙ GET /api/cart - 2026-05-01T12:58:33.475Z
рҹ“Ҙ GET /api/cart - 2026-05-01T12:58:44.165Z
рҹ“Ҙ GET /api/cart - 2026-05-01T12:58:51.179Z
рҹ“Ҙ GET /api/cart - 2026-05-01T12:58:54.157Z
рҹ“Ҙ GET /api/cart - 2026-05-01T12:59:04.167Z
рҹ“Ҙ GET /api/cart - 2026-05-01T12:59:14.161Z
рҹ“Ҙ GET /api/cart - 2026-05-01T12:59:24.164Z
рҹ“Ҙ GET /api/cart - 2026-05-01T12:59:34.169Z
рҹ“Ҙ GET /api/cart - 2026-05-01T12:59:44.185Z
рҹ“Ҙ GET /api/cart - 2026-05-01T12:59:51.174Z
рҹ“Ҙ GET /api/cart - 2026-05-01T12:59:54.169Z
рҹ“Ҙ GET /api/cart - 2026-05-01T13:00:04.174Z
рҹ“Ҙ GET /api/cart - 2026-05-01T13:00:14.164Z
рҹ“Ҙ GET /api/cart - 2026-05-01T13:00:51.190Z
рҹ“Ҙ GET /api/cart - 2026-05-01T13:00:51.408Z
рҹ“Ҙ GET /api/cart - 2026-05-01T13:01:51.157Z
рҹ“Ҙ GET /api/cart - 2026-05-01T13:01:51.786Z
рҹ“Ҙ GET /api/cart - 2026-05-01T13:02:51.174Z
рҹ“Ҙ GET /api/cart - 2026-05-01T13:02:51.485Z
рҹ“Ҙ GET /api/cart - 2026-05-01T13:03:51.190Z
рҹ“Ҙ GET /api/cart - 2026-05-01T13:03:51.831Z
рҹ“Ҙ GET /api/cart - 2026-05-01T13:23:41.909Z
рҹ“Ҙ GET /api/cart - 2026-05-01T13:23:43.452Z
рҹ“Ҙ GET /api/cart - 2026-05-01T13:23:43.934Z
рҹ“Ҙ GET /api/cart - 2026-05-01T13:23:46.127Z
рҹ“Ҙ GET /api/cart - 2026-05-01T13:23:49.166Z
рҹ“Ҙ GET /api/cart - 2026-05-01T13:23:49.690Z
рҹ“Ҙ GET /api/cart - 2026-05-01T13:23:56.136Z
рҹ“Ҙ GET /api/cart - 2026-05-01T13:24:00.173Z
рҹ“Ҙ GET /api/cart - 2026-05-01T13:24:06.043Z
рҹ“Ҙ GET /api/cart - 2026-05-01T13:24:09.738Z
рҹ“Ҙ GET /api/cart - 2026-05-01T13:24:10.449Z
рҹ“Ҙ GET /api/cart - 2026-05-01T13:24:12.161Z
рҹ“Ҙ GET /api/cart - 2026-05-01T13:24:20.126Z
рҹ“Ҙ GET /api/cart - 2026-05-01T13:24:21.766Z
рҹ“Ҙ POST /api/auth/login - 2026-05-01T13:39:54.829Z
рҹ“Ҙ GET /api/cart - 2026-05-01T13:39:57.007Z
рҹ“Ҙ GET /api/cart - 2026-05-01T13:39:57.345Z
рҹ“Ҙ GET /api/cart - 2026-05-01T13:40:02.012Z
[32m[nodemon] restarting due to changes...[39m
[32m[nodemon] starting `node server.js`[39m
[dotenv@17.2.3] injecting env (1) from .env -- tip: рҹӣ пёҸ  run anywhere with `dotenvx run -- yourcommand`
[dotenv@17.2.3] injecting env (0) from .env -- tip: рҹ”‘ add access controls to secrets: https://dotenvx.com/ops
[dotenv@17.2.3] injecting env (0) from .env -- tip: вҡҷпёҸ  load multiple .env files with { path: ['.env.local', '.env'] }
рҹ”Ғ No MONGO_URI in .env; loading .env.production fallback
[dotenv@17.2.3] injecting env (19) from .env.production -- tip: вҡҷпёҸ  suppress all logs with { quiet: true }

рҹӨ– Loading AI Tools Routes...
вң… Retexturing routes loaded at /api/ai
   GET     /api/ai/health
   GET     /api/ai/themes
   POST    /api/ai/check-credits
   POST    /api/ai/generate
   POST    /api/ai/feedback
   POST    /api/ai/download-image
вң… Angle change routes loaded at /api/ai
   POST    /api/ai/change-angle
   GET     /api/ai/available-angles
вң… Image to video routes loaded at /api/ai
   POST    /api/ai/generate-video
   GET     /api/ai/video-styles
вң… Couple moodboard routes loaded at /api/ai
   GET     /api/ai/couple-moodboard/health
   POST    /api/ai/couple-moodboard/generate
   POST    /api/ai/couple-moodboard/download-image
рҹӨ– AI Tools loading complete!

вң… NewUser routes loaded at /api/newusers

вңЁ ===========================================
вңЁ  WEDDING AI SERVER STARTED SUCCESSFULLY
вңЁ ===========================================
вң… Server URL: http://localhost:5004
вҸ° Started at: 5/1/2026, 7:55:26 PM
рҹ“Ҡ Environment: production
рҹӨ– AI Status: Ready вң…
рҹ’і Payment System: Enabled вң…
рҹ—„пёҸ  Database: Connected вң…
      

рҹӨ– AI Endpoints:
   GET    /api/ai/health             - Check AI service status
   GET    /api/ai/themes             - Get wedding themes
   GET    /api/ai/available-angles   - Get available angle options
   POST   /api/ai/generate           - Generate venue transformation
   POST   /api/ai/change-angle       - Change image perspective
   POST   /api/ai/feedback           - Submit feedback

рҹ‘Ө User & Auth Endpoints:
   POST   /api/auth/firebase-login   - Firebase authentication
   GET    /api/users/check-profile   - Check user profile
   POST   /api/users/save-form       - Save user form
   GET    /api/users/profile         - Get user profile
   GET    /api/profile/check-profile - Check profile status
   POST   /api/profile/save-form     - Save profile form

рҹ’і Payment Endpoints:
   POST   /api/payment/create-checkout - Create payment checkout
   GET    /api/payment/payment-status  - Check payment status
   GET    /api/payment/subscription    - Get subscription info
   GET    /api/payment/credits         - Get user credits
   GET    /api/payment/plans           - Get available plans
   POST   /api/lemon/webhook          - Lemon webhook endpoint

рҹ”§ Utility Endpoints:
   GET    /                           - Server status
   GET    /api/test                   - API test

вҡ пёҸ  Important Notes:

вң… Server is ready! Access at:
   рҹҢҗ https://theloversai.co.in
   рҹ“Ў API proxied via nginx /api вҶ’ backend:5004


вң… MongoDB Connected
[32m[nodemon] restarting due to changes...[39m
[32m[nodemon] starting `node server.js`[39m
[dotenv@17.2.3] injecting env (1) from .env -- tip: вң… audit secrets and track compliance: https://dotenvx.com/ops
[dotenv@17.2.3] injecting env (0) from .env -- tip: рҹ”„ add secrets lifecycle management: https://dotenvx.com/ops
[dotenv@17.2.3] injecting env (0) from .env -- tip: рҹ”җ prevent building .env in docker: https://dotenvx.com/prebuild
рҹ”Ғ No MONGO_URI in .env; loading .env.production fallback
[dotenv@17.2.3] injecting env (19) from .env.production -- tip: вң… audit secrets and track compliance: https://dotenvx.com/ops

рҹӨ– Loading AI Tools Routes...
вң… Retexturing routes loaded at /api/ai
   GET     /api/ai/health
   GET     /api/ai/themes
   POST    /api/ai/check-credits
   POST    /api/ai/generate
   POST    /api/ai/feedback
   POST    /api/ai/download-image
вң… Angle change routes loaded at /api/ai
   POST    /api/ai/change-angle
   GET     /api/ai/available-angles
вң… Image to video routes loaded at /api/ai
   POST    /api/ai/generate-video
   GET     /api/ai/video-styles
вң… Couple moodboard routes loaded at /api/ai
   GET     /api/ai/couple-moodboard/health
   POST    /api/ai/couple-moodboard/generate
   POST    /api/ai/couple-moodboard/download-image
рҹӨ– AI Tools loading complete!

вң… NewUser routes loaded at /api/newusers

вңЁ ===========================================
вңЁ  WEDDING AI SERVER STARTED SUCCESSFULLY
вңЁ ===========================================
вң… Server URL: http://localhost:5001
вҸ° Started at: 5/1/2026, 7:55:39 PM
рҹ“Ҡ Environment: production
рҹӨ– AI Status: Ready вң…
рҹ’і Payment System: Enabled вң…
рҹ—„пёҸ  Database: Connected вң…
      

рҹӨ– AI Endpoints:
   GET    /api/ai/health             - Check AI service status
   GET    /api/ai/themes             - Get wedding themes
   GET    /api/ai/available-angles   - Get available angle options
   POST   /api/ai/generate           - Generate venue transformation
   POST   /api/ai/change-angle       - Change image perspective
   POST   /api/ai/feedback           - Submit feedback

рҹ‘Ө User & Auth Endpoints:
   POST   /api/auth/firebase-login   - Firebase authentication
   GET    /api/users/check-profile   - Check user profile
   POST   /api/users/save-form       - Save user form
   GET    /api/users/profile         - Get user profile
   GET    /api/profile/check-profile - Check profile status
   POST   /api/profile/save-form     - Save profile form

рҹ’і Payment Endpoints:
   POST   /api/payment/create-checkout - Create payment checkout
   GET    /api/payment/payment-status  - Check payment status
   GET    /api/payment/subscription    - Get subscription info
   GET    /api/payment/credits         - Get user credits
   GET    /api/payment/plans           - Get available plans
   POST   /api/lemon/webhook          - Lemon webhook endpoint

рҹ”§ Utility Endpoints:
   GET    /                           - Server status
   GET    /api/test                   - API test

вҡ пёҸ  Important Notes:

вң… Server is ready! Access at:
   рҹҢҗ https://theloversai.co.in
   рҹ“Ў API proxied via nginx /api вҶ’ backend:5001


вң… MongoDB Connected
[32m[nodemon] restarting due to changes...[39m
[32m[nodemon] starting `node server.js`[39m
[dotenv@17.2.3] injecting env (1) from .env -- tip: рҹ”‘ add access controls to secrets: https://dotenvx.com/ops
[dotenv@17.2.3] injecting env (0) from .env -- tip: вң… audit secrets and track compliance: https://dotenvx.com/ops
[dotenv@17.2.3] injecting env (0) from .env -- tip: рҹ”‘ add access controls to secrets: https://dotenvx.com/ops
рҹ”Ғ No MONGO_URI in .env; loading .env.production fallback
[dotenv@17.2.3] injecting env (19) from .env.production -- tip: рҹ‘Ҙ sync secrets across teammates & machines: https://dotenvx.com/ops

рҹӨ– Loading AI Tools Routes...
вң… Retexturing routes loaded at /api/ai
   GET     /api/ai/health
   GET     /api/ai/themes
   POST    /api/ai/check-credits
   POST    /api/ai/generate
   POST    /api/ai/feedback
   POST    /api/ai/download-image
вң… Angle change routes loaded at /api/ai
   POST    /api/ai/change-angle
   GET     /api/ai/available-angles
вң… Image to video routes loaded at /api/ai
   POST    /api/ai/generate-video
   GET     /api/ai/video-styles
вң… Couple moodboard routes loaded at /api/ai
   GET     /api/ai/couple-moodboard/health
   POST    /api/ai/couple-moodboard/generate
   POST    /api/ai/couple-moodboard/download-image
рҹӨ– AI Tools loading complete!

вң… NewUser routes loaded at /api/newusers

вңЁ ===========================================
вңЁ  WEDDING AI SERVER STARTED SUCCESSFULLY
вңЁ ===========================================
вң… Server URL: http://localhost:5000
вҸ° Started at: 5/1/2026, 8:15:55 PM
рҹ“Ҡ Environment: production
рҹӨ– AI Status: Ready вң…
рҹ’і Payment System: Enabled вң…
рҹ—„пёҸ  Database: Connected вң…
      

рҹӨ– AI Endpoints:
   GET    /api/ai/health             - Check AI service status
   GET    /api/ai/themes             - Get wedding themes
   GET    /api/ai/available-angles   - Get available angle options
   POST   /api/ai/generate           - Generate venue transformation
   POST   /api/ai/change-angle       - Change image perspective
   POST   /api/ai/feedback           - Submit feedback

рҹ‘Ө User & Auth Endpoints:
   POST   /api/auth/firebase-login   - Firebase authentication
   GET    /api/users/check-profile   - Check user profile
   POST   /api/users/save-form       - Save user form
   GET    /api/users/profile         - Get user profile
   GET    /api/profile/check-profile - Check profile status
   POST   /api/profile/save-form     - Save profile form

рҹ’і Payment Endpoints:
   POST   /api/payment/create-checkout - Create payment checkout
   GET    /api/payment/payment-status  - Check payment status
   GET    /api/payment/subscription    - Get subscription info
   GET    /api/payment/credits         - Get user credits
   GET    /api/payment/plans           - Get available plans
   POST   /api/lemon/webhook          - Lemon webhook endpoint

рҹ”§ Utility Endpoints:
   GET    /                           - Server status
   GET    /api/test                   - API test

вҡ пёҸ  Important Notes:

вң… Server is ready! Access at:
   рҹҢҗ https://theloversai.co.in
   рҹ“Ў API proxied via nginx /api вҶ’ backend:5000


вң… MongoDB Connected
рҹ“Ҙ POST /api/auth/firebase-login - 2026-05-01T14:51:52.516Z
рҹ“Ҙ GET /api/cart - 2026-05-01T14:51:54.219Z
рҹ“Ҙ GET /api/cart - 2026-05-01T14:51:54.763Z
рҹ“Ҙ GET /api/cart - 2026-05-01T14:52:05.105Z
рҹ“Ҙ GET /api/cart - 2026-05-01T14:52:15.082Z
рҹ“Ҙ GET /api/cart - 2026-05-01T14:52:25.093Z
рҹ“Ҙ GET /api/cart - 2026-05-01T14:52:34.363Z
рҹ“Ҙ GET /api/cart - 2026-05-01T14:52:39.056Z
рҹ“Ҙ GET /api/cart - 2026-05-01T14:52:42.525Z
рҹ“Ҙ GET /api/cart - 2026-05-01T14:52:43.040Z
рҹ“Ҙ GET /api/auth/me - 2026-05-01T14:55:22.480Z
рҹ“Ҙ GET /api/auth/me - 2026-05-01T14:55:22.846Z
рҹ“Ҙ GET /api/auth/me - 2026-05-01T14:57:35.667Z
рҹ“Ҙ GET /api/auth/me - 2026-05-01T14:57:36.052Z
рҹ“Ҙ GET /api/cart - 2026-05-01T14:57:36.060Z
рҹ“Ҙ GET /api/cart - 2026-05-01T14:57:36.620Z
рҹ“Ҙ POST /api/auth/firebase-login - 2026-05-01T14:58:34.765Z
рҹ“Ҙ GET /api/cart - 2026-05-01T14:58:35.074Z
рҹ“Ҙ POST /api/users/save-wedding-profile - 2026-05-01T14:59:21.145Z
рҹ’Қ Wedding profile saved for anshr05555@gmail.com
рҹ“Ҙ GET /api/cart - 2026-05-01T14:59:21.572Z
рҹ“Ҙ GET /api/cart - 2026-05-01T14:59:22.131Z
рҹ“Ҙ GET /api/cart - 2026-05-01T14:59:31.581Z
рҹ“Ҙ GET /api/cart - 2026-05-01T14:59:42.195Z
рҹ“Ҙ GET /api/cart - 2026-05-01T14:59:42.695Z
рҹ“Ҙ GET /api/cart - 2026-05-01T14:59:43.116Z
рҹ“Ҙ GET /api/cart - 2026-05-01T14:59:53.111Z
рҹ“Ҙ GET /api/cart - 2026-05-01T15:00:03.111Z
рҹ“Ҙ GET /api/cart - 2026-05-01T15:00:13.113Z
рҹ“Ҙ GET /api/cart - 2026-05-01T15:00:23.110Z
рҹ“Ҙ GET /api/cart - 2026-05-01T15:00:31.721Z
рҹ“Ҙ GET /api/cart - 2026-05-01T15:00:32.374Z
рҹ“Ҙ GET /api/cart - 2026-05-01T15:00:41.810Z
рҹ“Ҙ GET /api/cart - 2026-05-01T15:00:51.810Z
рҹ“Ҙ GET /api/cart - 2026-05-01T15:01:01.809Z
рҹ“Ҙ GET /api/cart - 2026-05-01T15:01:11.808Z
рҹ“Ҙ GET /api/cart - 2026-05-01T15:01:21.808Z
рҹ“Ҙ GET /api/cart - 2026-05-01T15:01:31.807Z
рҹ“Ҙ GET /api/cart - 2026-05-01T15:01:41.808Z
рҹ“Ҙ GET /api/cart - 2026-05-01T15:01:51.808Z
рҹ“Ҙ GET /api/cart - 2026-05-01T15:02:01.810Z
рҹ“Ҙ GET /api/cart - 2026-05-01T15:02:11.808Z
рҹ“Ҙ GET /api/cart - 2026-05-01T15:02:21.807Z
рҹ“Ҙ GET /api/cart - 2026-05-01T15:02:31.806Z
рҹ“Ҙ GET /api/cart - 2026-05-01T15:02:41.809Z
рҹ“Ҙ GET /api/cart - 2026-05-01T15:02:51.806Z
рҹ“Ҙ GET /api/cart - 2026-05-01T15:03:01.818Z
рҹ“Ҙ GET /api/cart - 2026-05-01T15:03:11.806Z
рҹ“Ҙ GET /api/cart - 2026-05-01T15:03:21.815Z
рҹ“Ҙ GET /api/cart - 2026-05-01T15:03:31.819Z
рҹ“Ҙ GET /api/cart - 2026-05-01T15:03:41.814Z
рҹ“Ҙ GET /api/cart - 2026-05-01T15:03:51.811Z
рҹ“Ҙ GET /api/cart - 2026-05-01T15:04:01.808Z
рҹ“Ҙ GET /api/cart - 2026-05-01T15:04:11.817Z
рҹ“Ҙ GET /api/cart - 2026-05-01T15:04:21.809Z
рҹ“Ҙ GET /api/cart - 2026-05-01T15:04:31.806Z
рҹ“Ҙ GET /api/cart - 2026-05-01T15:04:41.811Z
рҹ“Ҙ GET /api/cart - 2026-05-01T15:04:51.815Z
рҹ“Ҙ GET /api/cart - 2026-05-01T15:05:01.809Z
рҹ“Ҙ GET /api/cart - 2026-05-01T15:05:11.810Z
рҹ“Ҙ GET /api/cart - 2026-05-01T15:05:21.811Z
рҹ“Ҙ GET /api/cart - 2026-05-01T15:05:31.804Z
рҹ“Ҙ GET /api/cart - 2026-05-01T15:05:41.813Z
рҹ“Ҙ GET /api/cart - 2026-05-01T15:05:51.804Z
рҹ“Ҙ GET /api/cart - 2026-05-01T15:06:01.806Z
рҹ“Ҙ GET /api/cart - 2026-05-01T15:06:11.812Z
рҹ“Ҙ GET /api/cart - 2026-05-01T15:06:21.816Z
